<?xml version="1.0" encoding="UTF-8"?>
<testsuite name="is.ru.tictactoe.BoardTest" tests="21" skipped="0" failures="0" errors="0" timestamp="2015-11-02T22:37:50" hostname="Gumundurs-MacBook-Pro.local" time="0.008">
  <properties/>
  <testcase name="TestActivePlayerAfterOneMove" classname="is.ru.tictactoe.BoardTest" time="0.001"/>
  <testcase name="TestMarkedSquare" classname="is.ru.tictactoe.BoardTest" time="0.0"/>
  <testcase name="TestCounterAfterOneMove" classname="is.ru.tictactoe.BoardTest" time="0.0"/>
  <testcase name="TestSlashRightWin" classname="is.ru.tictactoe.BoardTest" time="0.0"/>
  <testcase name="TestEmptySquare" classname="is.ru.tictactoe.BoardTest" time="0.0"/>
  <testcase name="TestWinnerXWithFullBoard" classname="is.ru.tictactoe.BoardTest" time="0.0"/>
  <testcase name="TestEmptyBoardNoWinner" classname="is.ru.tictactoe.BoardTest" time="0.0"/>
  <testcase name="TestVerticalMidWin" classname="is.ru.tictactoe.BoardTest" time="0.001"/>
  <testcase name="TestWinnerOWithFullBoard" classname="is.ru.tictactoe.BoardTest" time="0.0"/>
  <testcase name="TestNoWinnerWithThreeMarks" classname="is.ru.tictactoe.BoardTest" time="0.0"/>
  <testcase name="TestTie" classname="is.ru.tictactoe.BoardTest" time="0.0"/>
  <testcase name="TestSlashLeftWin" classname="is.ru.tictactoe.BoardTest" time="0.001"/>
  <testcase name="TestOneMarkedSquareBoard" classname="is.ru.tictactoe.BoardTest" time="0.0"/>
  <testcase name="TestHorizontalBotWin" classname="is.ru.tictactoe.BoardTest" time="0.0"/>
  <testcase name="TestActivePlayerInBeginning" classname="is.ru.tictactoe.BoardTest" time="0.0"/>
  <testcase name="TestHorizontalMidWin" classname="is.ru.tictactoe.BoardTest" time="0.001"/>
  <testcase name="TestVerticalRightWin" classname="is.ru.tictactoe.BoardTest" time="0.001"/>
  <testcase name="TestVerticalLeftWin" classname="is.ru.tictactoe.BoardTest" time="0.0"/>
  <testcase name="TestCounterAfterInit" classname="is.ru.tictactoe.BoardTest" time="0.0"/>
  <testcase name="TestHorizontalTopWin" classname="is.ru.tictactoe.BoardTest" time="0.0"/>
  <testcase name="TestActivePlayerAfterTwoMoves" classname="is.ru.tictactoe.BoardTest" time="0.0"/>
  <system-out><![CDATA[]]></system-out>
  <system-err><![CDATA[]]></system-err>
</testsuite>
