<?xml version="1.0" encoding="UTF-8"?>
<testsuite name="is.ru.tictactoe.BoardTest" tests="2" skipped="0" failures="0" errors="0" timestamp="2015-10-25T18:57:02" hostname="ubuntu" time="0.007">
  <properties/>
  <testcase name="winner" classname="is.ru.tictactoe.BoardTest" time="0.003"/>
  <testcase name="EmptyBoard" classname="is.ru.tictactoe.BoardTest" time="0.001"/>
  <system-out><![CDATA[]]></system-out>
  <system-err><![CDATA[]]></system-err>
</testsuite>
