<?xml version="1.0" encoding="UTF-8"?>
<testsuite name="is.ru.tictactoe.BoardTest" tests="15" skipped="0" failures="0" errors="0" timestamp="2015-10-25T20:46:05" hostname="ubuntu" time="0.051">
  <properties/>
  <testcase name="TestMarkedSquare" classname="is.ru.tictactoe.BoardTest" time="0.002"/>
  <testcase name="TestSlashRightWin" classname="is.ru.tictactoe.BoardTest" time="0.0"/>
  <testcase name="TestEmptySquare" classname="is.ru.tictactoe.BoardTest" time="0.0"/>
  <testcase name="TestWinnerXWithFullBoard" classname="is.ru.tictactoe.BoardTest" time="0.001"/>
  <testcase name="TestEmptyBoardNoWinner" classname="is.ru.tictactoe.BoardTest" time="0.002"/>
  <testcase name="TestVerticalMidWin" classname="is.ru.tictactoe.BoardTest" time="0.001"/>
  <testcase name="TestWinnerOWithFullBoard" classname="is.ru.tictactoe.BoardTest" time="0.004"/>
  <testcase name="TestNoWinnerWithThreeMarks" classname="is.ru.tictactoe.BoardTest" time="0.008"/>
  <testcase name="TestSlashLeftWin" classname="is.ru.tictactoe.BoardTest" time="0.001"/>
  <testcase name="TestOneMarkedSquareBoard" classname="is.ru.tictactoe.BoardTest" time="0.001"/>
  <testcase name="TestHorizontalBotWin" classname="is.ru.tictactoe.BoardTest" time="0.009"/>
  <testcase name="TestHorizontalMidWin" classname="is.ru.tictactoe.BoardTest" time="0.0"/>
  <testcase name="TestVerticalRightWin" classname="is.ru.tictactoe.BoardTest" time="0.001"/>
  <testcase name="TestVerticalLeftWin" classname="is.ru.tictactoe.BoardTest" time="0.005"/>
  <testcase name="TestHorizontalTopWin" classname="is.ru.tictactoe.BoardTest" time="0.001"/>
  <system-out><![CDATA[]]></system-out>
  <system-err><![CDATA[]]></system-err>
</testsuite>
